<?xml version="1.0" encoding="UTF-8"?>
<!-- Generated by org.testng.reporters.JUnitReportReporter -->
<testsuite hostname="DESKTOP-F0SEMFK" failures="0" tests="2" name="PropFTX.Tests.AddUser" time="20.356" errors="0" timestamp="2022-12-25T20:57:42 IST" skipped="0">
  <testcase classname="PropFTX.Tests.AddUser" name="enterNameMoreThan50Char" time="10.725"/>
  <system-out/>
  <testcase classname="PropFTX.Tests.AddUser" name="clickOnSubmit" time="9.631"/>
  <system-out/>
</testsuite> <!-- PropFTX.Tests.AddUser -->
