<?xml version="1.0" encoding="UTF-8"?>
<!-- Generated by org.testng.reporters.JUnitReportReporter -->
<testsuite hostname="DESKTOP-F0SEMFK" failures="0" tests="1" name="PropFTX.Tests.TableTest" time="6.615" errors="0" timestamp="2022-12-28T15:39:47 IST" skipped="0">
  <testcase classname="PropFTX.Tests.TableTest" name="getRowColoumnCount" time="6.615"/>
  <system-out/>
</testsuite> <!-- PropFTX.Tests.TableTest -->
