<?xml version="1.0" encoding="UTF-8"?>
<!-- Generated by org.testng.reporters.JUnitReportReporter -->
<testsuite hostname="DESKTOP-F0SEMFK" failures="0" tests="4" name="PropFTX.Tests.LoginTestHashMap" time="17.467" errors="0" timestamp="2023-01-23T17:20:45 IST" skipped="0">
  <testcase classname="PropFTX.Tests.LoginTestHashMap" name="wrongEmailPassword" time="5.361"/>
  <system-out/>
  <testcase classname="PropFTX.Tests.LoginTestHashMap" name="wrongEmailPassword" time="4.886"/>
  <system-out/>
  <testcase classname="PropFTX.Tests.LoginTestHashMap" name="wrongEmailPassword" time="3.954"/>
  <system-out/>
  <testcase classname="PropFTX.Tests.LoginTestHashMap" name="wrongEmailPassword" time="3.266"/>
  <system-out/>
</testsuite> <!-- PropFTX.Tests.LoginTestHashMap -->
