<?xml version="1.0" encoding="UTF-8"?>
<!-- Generated by org.testng.reporters.JUnitReportReporter -->
<testsuite hostname="DESKTOP-F0SEMFK" failures="0" tests="3" name="PropFTX.Tests.LoginTest2" time="14.528" errors="0" timestamp="2023-01-23T16:36:32 IST" skipped="0">
  <testcase classname="PropFTX.Tests.LoginTest2" name="wrongEmailPassword" time="3.659"/>
  <system-out/>
  <testcase classname="PropFTX.Tests.LoginTest2" name="wrongEmailPassword" time="6.602"/>
  <system-out/>
  <testcase classname="PropFTX.Tests.LoginTest2" name="wrongEmailPassword" time="4.267"/>
  <system-out/>
</testsuite> <!-- PropFTX.Tests.LoginTest2 -->
