<?xml version="1.0" encoding="UTF-8"?>
<!-- Generated by org.testng.reporters.JUnitReportReporter -->
<testsuite hostname="DESKTOP-F0SEMFK" failures="0" tests="9" name="PropFTX.Tests.LoginTest" time="32.978" errors="0" timestamp="2023-01-04T13:53:20 IST" skipped="0">
  <testcase classname="PropFTX.Tests.LoginTest" name="withoutEmailPassword" time="2.949"/>
  <system-out/>
  <testcase classname="PropFTX.Tests.LoginTest" name="wrongEmailPassword" time="3.745"/>
  <system-out/>
  <testcase classname="PropFTX.Tests.LoginTest" name="InvalidEmail" time="3.022"/>
  <system-out/>
  <testcase classname="PropFTX.Tests.LoginTest" name="checkPasswordVisibility" time="3.368"/>
  <system-out/>
  <testcase classname="PropFTX.Tests.LoginTest" name="validEmailPassword" time="6.006"/>
  <system-out/>
  <testcase classname="PropFTX.Tests.LoginTest" name="forgotPasswordWithoutEmail" time="2.746"/>
  <system-out/>
  <testcase classname="PropFTX.Tests.LoginTest" name="forgotPasswordInvaliEmail" time="2.964"/>
  <system-out/>
  <testcase classname="PropFTX.Tests.LoginTest" name="forgotPasswordEmailNotExist" time="4.006"/>
  <system-out/>
  <testcase classname="PropFTX.Tests.LoginTest" name="forgotPasswordEmailExist" time="4.172"/>
  <system-out/>
</testsuite> <!-- PropFTX.Tests.LoginTest -->
