<?xml version="1.0" encoding="UTF-8"?>
<!-- Generated by org.testng.reporters.JUnitReportReporter -->
<testsuite hostname="DESKTOP-F0SEMFK" failures="0" tests="3" name="PropFTX.Tests.SearchUserTest" time="35.056" errors="0" timestamp="2022-12-28T16:20:26 IST" skipped="0">
  <testcase classname="PropFTX.Tests.SearchUserTest" name="searchByUserName" time="13.441"/>
  <system-out/>
  <testcase classname="PropFTX.Tests.SearchUserTest" name="searchByEmail" time="11.824"/>
  <system-out/>
  <testcase classname="PropFTX.Tests.SearchUserTest" name="searchByInvalidData" time="9.791"/>
  <system-out/>
</testsuite> <!-- PropFTX.Tests.SearchUserTest -->
