<?xml version="1.0" encoding="UTF-8"?>
<!-- Generated by org.testng.reporters.JUnitReportReporter -->
<testsuite hostname="DESKTOP-F0SEMFK" failures="0" tests="3" name="PropFTX.Tests.Login" time="18.002" errors="0" timestamp="2022-12-25T18:45:28 IST" skipped="0">
  <testcase classname="PropFTX.Tests.Login" name="withoutEmailPassword" time="6.449"/>
  <system-out/>
  <testcase classname="PropFTX.Tests.Login" name="validEmailPassword" time="3.615"/>
  <system-out/>
  <testcase classname="PropFTX.Tests.Login" name="wrongEmailPassword" time="7.938"/>
  <system-out/>
</testsuite> <!-- PropFTX.Tests.Login -->
