<?xml version="1.0" encoding="UTF-8"?>
<!-- Generated by org.testng.reporters.JUnitReportReporter -->
<testsuite hostname="DESKTOP-F0SEMFK" failures="0" tests="1" name="PropFTX.Tests.AddUserTest" time="18.505" errors="0" timestamp="2023-01-13T15:03:21 IST" skipped="0">
  <testcase classname="PropFTX.Tests.AddUserTest" name="addUser" time="18.505"/>
  <system-out/>
</testsuite> <!-- PropFTX.Tests.AddUserTest -->
