<?xml version="1.0" encoding="UTF-8"?>
<!-- Generated by org.testng.reporters.JUnitReportReporter -->
<testsuite hostname="DESKTOP-F0SEMFK" failures="0" tests="1" name="PropFTX.Tests.AddUserTest" time="20.722" errors="0" timestamp="2023-01-17T18:53:17 IST" skipped="0">
  <testcase classname="PropFTX.Tests.AddUserTest" name="addUser" time="20.722"/>
  <system-out/>
</testsuite> <!-- PropFTX.Tests.AddUserTest -->
