<?xml version="1.0" encoding="UTF-8"?>
<!-- Generated by org.testng.reporters.JUnitReportReporter -->
<testsuite hostname="DESKTOP-F0SEMFK" failures="0" tests="4" name="PropFTX.Tests.SearchUserTest" time="38.643" errors="0" timestamp="2023-01-05T16:49:22 IST" skipped="0">
  <testcase classname="PropFTX.Tests.SearchUserTest" name="searchByEmail" time="11.652"/>
  <system-out/>
  <testcase classname="PropFTX.Tests.SearchUserTest" name="searchByInvalidData" time="9.562"/>
  <system-out/>
  <testcase classname="PropFTX.Tests.SearchUserTest" name="searchByUserName" time="8.653"/>
  <system-out/>
  <testcase classname="PropFTX.Tests.SearchUserTest" name="searchByPhoneNumber" time="8.776"/>
  <system-out/>
</testsuite> <!-- PropFTX.Tests.SearchUserTest -->
