<?xml version="1.0" encoding="UTF-8"?>
<!-- Generated by org.testng.reporters.JUnitReportReporter -->
<testsuite hostname="DESKTOP-F0SEMFK" failures="0" tests="1" name="PropFTX.Tests.UMTableTest" time="13.055" errors="0" timestamp="2023-01-17T14:12:21 IST" skipped="0">
  <testcase classname="PropFTX.Tests.UMTableTest" name="previouspagearrowClick2" time="13.055"/>
  <system-out/>
</testsuite> <!-- PropFTX.Tests.UMTableTest -->
