<?xml version="1.0" encoding="UTF-8"?>
<!-- Generated by org.testng.reporters.JUnitReportReporter -->
<testsuite hostname="DESKTOP-F0SEMFK" failures="0" tests="1" name="PropFTX.Tests.UserAction" time="11.399" errors="0" timestamp="2023-01-18T18:58:03 IST" skipped="0">
  <testcase classname="PropFTX.Tests.UserAction" name="toggleParticularData" time="11.399"/>
  <system-out/>
</testsuite> <!-- PropFTX.Tests.UserAction -->
