<?xml version="1.0" encoding="UTF-8"?>
<!-- Generated by org.testng.reporters.JUnitReportReporter -->
<testsuite hostname="DESKTOP-F0SEMFK" failures="0" tests="4" name="PropFTX.Tests.SearchUserTest" time="44.451" errors="0" timestamp="2023-01-10T17:25:38 IST" skipped="0">
  <testcase classname="PropFTX.Tests.SearchUserTest" name="searchByEmail" time="16.356"/>
  <system-out/>
  <testcase classname="PropFTX.Tests.SearchUserTest" name="searchByInvalidData" time="8.567"/>
  <system-out/>
  <testcase classname="PropFTX.Tests.SearchUserTest" name="searchByPhoneNumber" time="10.390"/>
  <system-out/>
  <testcase classname="PropFTX.Tests.SearchUserTest" name="searchByUserName" time="9.138"/>
  <system-out/>
</testsuite> <!-- PropFTX.Tests.SearchUserTest -->
