<?xml version="1.0" encoding="UTF-8"?>
<!-- Generated by org.testng.reporters.JUnitReportReporter -->
<testsuite hostname="DESKTOP-F0SEMFK" failures="0" tests="3" name="PropFTX.Tests.SearchUser" time="37.237" errors="0" timestamp="2022-12-27T21:51:50 IST" skipped="0">
  <testcase classname="PropFTX.Tests.SearchUser" name="searchByInvalidData" time="12.269"/>
  <system-out/>
  <testcase classname="PropFTX.Tests.SearchUser" name="searchByUserName" time="13.528"/>
  <system-out/>
  <testcase classname="PropFTX.Tests.SearchUser" name="searchByEmail" time="11.440"/>
  <system-out/>
</testsuite> <!-- PropFTX.Tests.SearchUser -->
