<?xml version="1.0" encoding="UTF-8"?>
<!-- Generated by org.testng.reporters.JUnitReportReporter -->
<testsuite hostname="DESKTOP-F0SEMFK" failures="0" tests="2" name="PropFTX.Tests.UMTableTest" time="33.842" errors="0" timestamp="2023-01-13T19:21:08 IST" skipped="0">
  <testcase classname="PropFTX.Tests.UMTableTest" name="clickOnPreviousPage" time="16.549"/>
  <system-out/>
  <testcase classname="PropFTX.Tests.UMTableTest" name="clickOnNextPage" time="17.293"/>
  <system-out/>
</testsuite> <!-- PropFTX.Tests.UMTableTest -->
