<?xml version="1.0" encoding="UTF-8"?>
<!-- Generated by org.testng.reporters.JUnitReportReporter -->
<testsuite hostname="DESKTOP-F0SEMFK" failures="0" tests="8" name="PropFTX.Tests.LoginTest" time="46.472" errors="0" timestamp="2023-01-04T13:17:26 IST" skipped="0">
  <testcase classname="PropFTX.Tests.LoginTest" name="InvalidEmail" time="3.298"/>
  <system-out/>
  <testcase classname="PropFTX.Tests.LoginTest" name="checkPasswordVisibility" time="5.635"/>
  <system-out/>
  <testcase classname="PropFTX.Tests.LoginTest" name="withoutEmailPassword" time="5.595"/>
  <system-out/>
  <testcase classname="PropFTX.Tests.LoginTest" name="wrongEmailPassword" time="7.094"/>
  <system-out/>
  <testcase classname="PropFTX.Tests.LoginTest" name="forgotPasswordInvaliEmail" time="5.808"/>
  <system-out/>
  <testcase classname="PropFTX.Tests.LoginTest" name="validEmailPassword" time="8.834"/>
  <system-out/>
  <testcase classname="PropFTX.Tests.LoginTest" name="forgotPasswordEmailExist" time="4.463"/>
  <system-out/>
  <testcase classname="PropFTX.Tests.LoginTest" name="forgotPasswordEmailNotExist" time="5.745"/>
  <system-out/>
</testsuite> <!-- PropFTX.Tests.LoginTest -->
